<?xml version="1.0" encoding="UTF-8"?>
<testng-results skipped="0" failed="0" ignored="0" total="2" passed="2">
  <reporter-output>
  </reporter-output>
  <suite name="Smoke Suite" duration-ms="267919" started-at="2021-09-09T00:44:41 IST" finished-at="2021-09-09T00:49:08 IST">
    <groups>
    </groups>
    <test name="Smoke" duration-ms="267919" started-at="2021-09-09T00:44:41 IST" finished-at="2021-09-09T00:49:08 IST">
      <class name="com.smoke.tests.VerifyLogin">
        <test-method status="PASS" signature="beforeMethod()[pri:0, instance:com.smoke.tests.VerifyLogin@1184ab05]" name="beforeMethod" is-config="true" duration-ms="2207" started-at="2021-09-09T00:44:41 IST" finished-at="2021-09-09T00:44:43 IST">
          <reporter-output>
          </reporter-output>
        </test-method> <!-- beforeMethod -->
        <test-method status="PASS" signature="test_29507(java.util.HashMap,java.lang.reflect.Method)[pri:0, instance:com.smoke.tests.VerifyLogin@1184ab05]" name="test_29507" duration-ms="264385" started-at="2021-09-09T00:44:43 IST" description="Verify the Sign up with Student" data-provider="getExcelTestData" finished-at="2021-09-09T00:49:08 IST">
          <params>
            <param index="0">
              <value>
                <![CDATA[{Child FirstName=Smith, Child Month=Nov, Email=test@test.com, Address=Hitech City, Telephone=919014676533, Child Gender=Male, Gender=Male, Month=Nov, Child Year=1999, DOB=06-Nov-1990, Family Name=test, Password=simple, InviteEmail=Test, FirstName=Chandu, ZipCode=500081, InviteMessage=Test Message by Automation, City=Hyderabad, Date=6, ConfirmPassword=simple, TimeZone=Asia/Kolkata, Child LastName=Jhon, Year=1990, Group Name=Group, State=Andhra Pradesh, Child Date=9, Country=India, LastName=Reddy}]]>
              </value>
            </param>
            <param index="1">
              <value>
                <![CDATA[public void com.smoke.tests.VerifyLogin.test_29507(java.util.HashMap,java.lang.reflect.Method) throws java.lang.Exception]]>
              </value>
            </param>
          </params>
          <reporter-output>
          </reporter-output>
        </test-method> <!-- test_29507 -->
        <test-method status="PASS" signature="afterMethod()[pri:0, instance:com.smoke.tests.VerifyLogin@1184ab05]" name="afterMethod" is-config="true" duration-ms="594" started-at="2021-09-09T00:49:08 IST" finished-at="2021-09-09T00:49:08 IST">
          <reporter-output>
          </reporter-output>
        </test-method> <!-- afterMethod -->
      </class> <!-- com.smoke.tests.VerifyLogin -->
      <class name="com.smoke.tests.VerifySignup">
        <test-method status="PASS" signature="beforeMethod()[pri:0, instance:com.smoke.tests.VerifySignup@e056f20]" name="beforeMethod" is-config="true" duration-ms="2207" started-at="2021-09-09T00:44:41 IST" finished-at="2021-09-09T00:44:43 IST">
          <reporter-output>
          </reporter-output>
        </test-method> <!-- beforeMethod -->
        <test-method status="PASS" signature="test_16619(java.util.HashMap,java.lang.reflect.Method)[pri:0, instance:com.smoke.tests.VerifySignup@e056f20]" name="test_16619" duration-ms="26735" started-at="2021-09-09T00:44:43 IST" description="Verify the Sign up" data-provider="getExcelTestData" finished-at="2021-09-09T00:45:10 IST">
          <params>
            <param index="0">
              <value>
                <![CDATA[{Email=chandudemo@malinator.com, Address=Hitech City, Telephone=9014676533, FirstName=Chandu, ZipCode=500081, City=Hyderabad, Gender=Male, Hobbies=Cricket,Hockey, Date=6, ConfirmPassword=simple, Month=November, ProfilePath=\src\test\resources\Excel Files\testing.jpg, TimeZone=Asia/Kolkata, Year=1990, Skills=Android, DOB=06-Nov-1990, State=Andhra Pradesh, Country=India, LastName=Reddy, Password=simple}]]>
              </value>
            </param>
            <param index="1">
              <value>
                <![CDATA[public void com.smoke.tests.VerifySignup.test_16619(java.util.HashMap,java.lang.reflect.Method) throws java.lang.Exception]]>
              </value>
            </param>
          </params>
          <reporter-output>
          </reporter-output>
        </test-method> <!-- test_16619 -->
        <test-method status="PASS" signature="afterMethod()[pri:0, instance:com.smoke.tests.VerifySignup@e056f20]" name="afterMethod" is-config="true" duration-ms="571" started-at="2021-09-09T00:45:10 IST" finished-at="2021-09-09T00:45:11 IST">
          <reporter-output>
          </reporter-output>
        </test-method> <!-- afterMethod -->
      </class> <!-- com.smoke.tests.VerifySignup -->
    </test> <!-- Smoke -->
  </suite> <!-- Smoke Suite -->
</testng-results>
